\BOOKMARK [1][-]{titlepage.1}{\376\377\134\001\227\142}{}% 1
\BOOKMARK [1][-]{cabstract.1}{\376\377\144\130\211\201}{}% 2
\BOOKMARK [1][-]{eabstract.1}{\376\377\000A\000B\000S\000T\000R\000A\000C\000T}{}% 3
\BOOKMARK [1][-]{contents.1}{\376\377\166\356\137\125}{}% 4
\BOOKMARK [0][-]{chapter.1}{\376\377\176\352\213\272}{}% 5
\BOOKMARK [1][-]{section.1.1}{\376\377\170\024\172\166\200\314\146\157}{chapter.1}% 6
\BOOKMARK [1][-]{section.1.2}{\376\377\170\024\172\166\121\205\133\271}{chapter.1}% 7
\BOOKMARK [1][-]{section.1.3}{\376\377\170\024\172\166\141\017\116\111}{chapter.1}% 8
\BOOKMARK [1][-]{section.1.4}{\376\377\213\272\145\207\176\323\147\204}{chapter.1}% 9
\BOOKMARK [0][-]{chapter.2}{\376\377\166\370\121\163\170\024\172\166}{}% 10
\BOOKMARK [1][-]{section.2.1}{\376\377\232\330\220\037\121\154\215\357\121\163\225\056\215\357\153\265\000/\202\202\160\271\143\026\143\230\166\370\121\163\170\024\172\166}{chapter.2}% 11
\BOOKMARK [1][-]{section.2.2}{\376\377\131\015\147\102\177\121\176\334\121\163\225\056\215\357\153\265\000/\202\202\160\271\143\026\143\230\166\370\121\163\170\024\172\166}{chapter.2}% 12
\BOOKMARK [2][-]{subsection.2.2.1}{\376\377\127\372\116\216\202\202\160\271\116\064\217\321}{section.2.2}% 13
\BOOKMARK [2][-]{subsection.2.2.2}{\376\377\127\372\116\216\215\357\137\204\116\064\217\321}{section.2.2}% 14
\BOOKMARK [2][-]{subsection.2.2.3}{\376\377\127\372\116\216\162\171\137\201\124\021\221\317\166\204\143\222\136\217\145\271\154\325}{section.2.2}% 15
\BOOKMARK [2][-]{subsection.2.2.4}{\376\377\127\372\116\216\202\202\160\271\171\373\226\144\124\214\145\066\177\051\166\204\143\222\136\217\145\271\154\325}{section.2.2}% 16
\BOOKMARK [2][-]{subsection.2.2.5}{\376\377\202\202\160\271\221\315\211\201\140\047\143\222\136\217\145\271\154\325\166\204\213\304\116\367\150\007\121\306}{section.2.2}% 17
\BOOKMARK [1][-]{section.2.3}{\376\377\131\015\147\102\177\121\176\334\171\076\177\244\122\022\122\006\166\370\121\163\170\024\172\166}{chapter.2}% 18
\BOOKMARK [0][-]{chapter.3}{\376\377\127\372\116\216\215\052\137\303\166\204\232\330\220\037\121\154\215\357\121\163\225\056\215\357\153\265\213\306\122\053\152\041\127\213}{}% 19
\BOOKMARK [1][-]{section.3.1}{\376\377\137\025\212\000}{chapter.3}% 20
\BOOKMARK [1][-]{section.3.2}{\376\377\225\356\230\230\133\232\116\111}{chapter.3}% 21
\BOOKMARK [2][-]{subsection.3.2.1}{\376\377\225\356\230\230\133\232\116\111}{section.3.2}% 22
\BOOKMARK [2][-]{subsection.3.2.2}{\376\377\152\041\127\213\133\232\116\111}{section.3.2}% 23
\BOOKMARK [2][-]{subsection.3.2.3}{\376\377\153\041\152\041\140\047\122\006\147\220}{section.3.2}% 24
\BOOKMARK [2][-]{subsection.3.2.4}{\376\377\127\372\116\216\215\052\137\303\154\325\166\204\121\163\225\056\215\357\153\265\154\102\211\343}{section.3.2}% 25
\BOOKMARK [1][-]{section.3.3}{\376\377\133\236\232\214\123\312\176\323\147\234}{chapter.3}% 26
\BOOKMARK [2][-]{subsection.3.3.1}{\376\377\133\236\232\214\145\160\143\156}{section.3.3}% 27
\BOOKMARK [2][-]{subsection.3.3.2}{\376\377\133\236\232\214\176\323\147\234}{section.3.3}% 28
\BOOKMARK [2][-]{subsection.3.3.3}{\376\377\145\366\225\364\122\006\147\220}{section.3.3}% 29
\BOOKMARK [1][-]{section.3.4}{\376\377\147\054\172\340\134\017\176\323}{chapter.3}% 30
\BOOKMARK [0][-]{chapter.4}{\376\377\127\372\116\216\171\076\177\244\122\022\122\006\166\204\121\163\225\056\215\357\153\265\213\306\122\053\145\271\154\325}{}% 31
\BOOKMARK [1][-]{section.4.1}{\376\377\137\025\212\000}{chapter.4}% 32
\BOOKMARK [1][-]{section.4.2}{\376\377\225\356\230\230\133\232\116\111}{chapter.4}% 33
\BOOKMARK [2][-]{subsection.4.2.1}{\376\377\225\356\230\230\133\232\116\111}{section.4.2}% 34
\BOOKMARK [2][-]{subsection.4.2.2}{\376\377\152\041\127\213\133\232\116\111}{section.4.2}% 35
\BOOKMARK [1][-]{section.4.3}{\376\377\133\236\232\214\123\312\176\323\147\234}{chapter.4}% 36
\BOOKMARK [1][-]{section.4.4}{\376\377\147\054\172\340\134\017\176\323}{chapter.4}% 37
\BOOKMARK [0][-]{chapter.5}{\376\377\123\237\127\213\174\373\176\337\166\204\213\276\213\241\116\016\133\236\163\260}{}% 38
\BOOKMARK [1][-]{section.5.1}{\376\377\174\373\176\337\122\237\200\375}{chapter.5}% 39
\BOOKMARK [1][-]{section.5.2}{\376\377\174\373\176\337\147\266\147\204}{chapter.5}% 40
\BOOKMARK [1][-]{section.5.3}{\376\377\176\323\124\010\232\330\220\037\121\154\215\357\122\006\177\244\173\227\154\325\166\204\136\166\210\114\173\126\165\145}{chapter.5}% 41
\BOOKMARK [1][-]{section.5.4}{\376\377\165\114\227\142\122\237\200\375\134\125\171\072}{chapter.5}% 42
\BOOKMARK [1][-]{section.5.5}{\376\377\147\054\172\340\134\017\176\323}{chapter.5}% 43
\BOOKMARK [0][-]{chapter*.36}{\376\377\140\073\176\323\116\016\134\125\147\033}{}% 44
\BOOKMARK [1][-]{subsection.5.5.1}{\376\377\116\073\211\201\135\345\117\134}{chapter*.36}% 45
\BOOKMARK [2][-]{subsection.5.5.2}{\376\377\147\052\147\145\135\345\117\134\134\125\147\033}{subsection.5.5.1}% 46
\BOOKMARK [0][-]{appendix*.38}{\376\377\123\302\200\003\145\207\163\056}{}% 47
\BOOKMARK [0][-]{appendix.A}{\376\377\226\104\116\366}{}% 48
\BOOKMARK [0][-]{appendix*.39}{\376\377\201\364\214\042}{}% 49
